<?xml version="1.0" encoding="UTF-8"?>
<testng-results skipped="0" failed="1" ignored="0" total="2" passed="1">
  <reporter-output>
  </reporter-output>
  <suite name="Suite" duration-ms="40971" started-at="2020-10-31T18:01:20 IST" finished-at="2020-10-31T18:02:01 IST">
    <groups>
    </groups>
    <test name="ChromeTest" duration-ms="25702" started-at="2020-10-31T18:01:20 IST" finished-at="2020-10-31T18:01:46 IST">
      <class name="com.guru99.demo.tests.AddCustomerPageTest">
        <test-method status="PASS" signature="setUpEnvrionment(java.lang.String)[pri:0, instance:com.guru99.demo.tests.AddCustomerPageTest@6ddf90b0]" name="setUpEnvrionment" is-config="true" duration-ms="5737" started-at="2020-10-31T18:01:20 IST" finished-at="2020-10-31T18:01:26 IST">
          <params>
            <param index="0">
              <value>
                <![CDATA[chrome]]>
              </value>
            </param>
          </params>
          <reporter-output>
          </reporter-output>
        </test-method> <!-- setUpEnvrionment -->
        <test-method status="PASS" signature="initiliazeClass()[pri:0, instance:com.guru99.demo.tests.AddCustomerPageTest@6ddf90b0]" name="initiliazeClass" is-config="true" duration-ms="112" started-at="2020-10-31T18:01:26 IST" finished-at="2020-10-31T18:01:26 IST">
          <reporter-output>
          </reporter-output>
        </test-method> <!-- initiliazeClass -->
        <test-method status="PASS" signature="messageValidate()[pri:0, instance:com.guru99.demo.tests.AddCustomerPageTest@6ddf90b0]" name="messageValidate" duration-ms="19780" started-at="2020-10-31T18:01:26 IST" finished-at="2020-10-31T18:01:46 IST">
          <reporter-output>
          </reporter-output>
        </test-method> <!-- messageValidate -->
      </class> <!-- com.guru99.demo.tests.AddCustomerPageTest -->
    </test> <!-- ChromeTest -->
    <test name="FirefoxTest" duration-ms="40971" started-at="2020-10-31T18:01:20 IST" finished-at="2020-10-31T18:02:01 IST">
      <class name="com.guru99.demo.tests.AddCustomerPageTest">
        <test-method status="PASS" signature="setUpEnvrionment(java.lang.String)[pri:0, instance:com.guru99.demo.tests.AddCustomerPageTest@6e6c3152]" name="setUpEnvrionment" is-config="true" duration-ms="24578" started-at="2020-10-31T18:01:20 IST" finished-at="2020-10-31T18:01:45 IST">
          <params>
            <param index="0">
              <value>
                <![CDATA[firefox]]>
              </value>
            </param>
          </params>
          <reporter-output>
          </reporter-output>
        </test-method> <!-- setUpEnvrionment -->
        <test-method status="PASS" signature="initiliazeClass()[pri:0, instance:com.guru99.demo.tests.AddCustomerPageTest@6e6c3152]" name="initiliazeClass" is-config="true" duration-ms="7" started-at="2020-10-31T18:01:45 IST" finished-at="2020-10-31T18:01:45 IST">
          <reporter-output>
          </reporter-output>
        </test-method> <!-- initiliazeClass -->
        <test-method status="FAIL" signature="messageValidate()[pri:0, instance:com.guru99.demo.tests.AddCustomerPageTest@6e6c3152]" name="messageValidate" duration-ms="16365" started-at="2020-10-31T18:01:45 IST" finished-at="2020-10-31T18:02:01 IST">
          <exception class="org.openqa.selenium.UnhandledAlertException">
            <message>
              <![CDATA[Dismissed user prompt dialog: Customer could not be added !!: 
Build info: version: '3.141.59', revision: 'e82be7d358', time: '2018-11-14T08:17:03'
System info: host: 'LAPTOP-5NH939KJ', ip: '192.168.101.43', os.name: 'Windows 10', os.arch: 'amd64', os.version: '10.0', java.version: '1.8.0_261'
Driver info: org.openqa.selenium.remote.RemoteWebDriver
Capabilities {acceptInsecureCerts: false, browserName: firefox, browserVersion: 81.0.1, javascriptEnabled: true, moz:accessibilityChecks: false, moz:buildID: 20200930150533, moz:geckodriverVersion: 0.27.0, moz:headless: false, moz:processID: 121, moz:profile: /tmp/rust_mozprofile4GovdO, moz:shutdownTimeout: 60000, moz:useNonSpecCompliantPointerOrigin: false, moz:webdriverClick: true, pageLoadStrategy: normal, platform: LINUX, platformName: LINUX, platformVersion: 4.19.128-microsoft-standard, rotatable: false, setWindowRect: true, strictFileInteractability: false, timeouts: {implicit: 0, pageLoad: 300000, script: 30000}, unhandledPromptBehavior: dismiss and notify, webdriver.remote.sessionid: 39f3e6c6-9b5c-4012-a9c8-d2b...}
Session ID: 39f3e6c6-9b5c-4012-a9c8-d2bbc2e8b1e2
*** Element info: {Using=xpath, value=//p[text()='Customer Registered Successfully!!!']}]]>
            </message>
            <full-stacktrace>
              <![CDATA[org.openqa.selenium.UnhandledAlertException: Dismissed user prompt dialog: Customer could not be added !!: 
Build info: version: '3.141.59', revision: 'e82be7d358', time: '2018-11-14T08:17:03'
System info: host: 'LAPTOP-5NH939KJ', ip: '192.168.101.43', os.name: 'Windows 10', os.arch: 'amd64', os.version: '10.0', java.version: '1.8.0_261'
Driver info: org.openqa.selenium.remote.RemoteWebDriver
Capabilities {acceptInsecureCerts: false, browserName: firefox, browserVersion: 81.0.1, javascriptEnabled: true, moz:accessibilityChecks: false, moz:buildID: 20200930150533, moz:geckodriverVersion: 0.27.0, moz:headless: false, moz:processID: 121, moz:profile: /tmp/rust_mozprofile4GovdO, moz:shutdownTimeout: 60000, moz:useNonSpecCompliantPointerOrigin: false, moz:webdriverClick: true, pageLoadStrategy: normal, platform: LINUX, platformName: LINUX, platformVersion: 4.19.128-microsoft-standard, rotatable: false, setWindowRect: true, strictFileInteractability: false, timeouts: {implicit: 0, pageLoad: 300000, script: 30000}, unhandledPromptBehavior: dismiss and notify, webdriver.remote.sessionid: 39f3e6c6-9b5c-4012-a9c8-d2b...}
Session ID: 39f3e6c6-9b5c-4012-a9c8-d2bbc2e8b1e2
*** Element info: {Using=xpath, value=//p[text()='Customer Registered Successfully!!!']}
at org.openqa.selenium.remote.http.W3CHttpResponseCodec.decode(W3CHttpResponseCodec.java:120)
at org.openqa.selenium.remote.http.W3CHttpResponseCodec.decode(W3CHttpResponseCodec.java:49)
at org.openqa.selenium.remote.HttpCommandExecutor.execute(HttpCommandExecutor.java:158)
at org.openqa.selenium.remote.RemoteWebDriver.execute(RemoteWebDriver.java:552)
at org.openqa.selenium.remote.RemoteWebDriver.findElement(RemoteWebDriver.java:323)
at org.openqa.selenium.remote.RemoteWebDriver.findElementByXPath(RemoteWebDriver.java:428)
at org.openqa.selenium.By$ByXPath.findElement(By.java:353)
at org.openqa.selenium.remote.RemoteWebDriver.findElement(RemoteWebDriver.java:315)
at org.openqa.selenium.support.pagefactory.DefaultElementLocator.findElement(DefaultElementLocator.java:69)
at org.openqa.selenium.support.pagefactory.internal.LocatingElementHandler.invoke(LocatingElementHandler.java:38)
at com.sun.proxy.$Proxy8.getText(Unknown Source)
at com.guru99.demo.pages.CustomerRegMsg.getSuccesmsg(CustomerRegMsg.java:23)
at com.guru99.demo.tests.AddCustomerPageTest.messageValidate(AddCustomerPageTest.java:83)
at sun.reflect.NativeMethodAccessorImpl.invoke0(Native Method)
at sun.reflect.NativeMethodAccessorImpl.invoke(NativeMethodAccessorImpl.java:62)
at sun.reflect.DelegatingMethodAccessorImpl.invoke(DelegatingMethodAccessorImpl.java:43)
at java.lang.reflect.Method.invoke(Method.java:498)
at org.testng.internal.MethodInvocationHelper.invokeMethod(MethodInvocationHelper.java:132)
at org.testng.internal.TestInvoker.invokeMethod(TestInvoker.java:599)
at org.testng.internal.TestInvoker.invokeTestMethod(TestInvoker.java:174)
at org.testng.internal.MethodRunner.runInSequence(MethodRunner.java:46)
at org.testng.internal.TestInvoker$MethodInvocationAgent.invoke(TestInvoker.java:822)
at org.testng.internal.TestInvoker.invokeTestMethods(TestInvoker.java:147)
at org.testng.internal.TestMethodWorker.invokeTestMethods(TestMethodWorker.java:146)
at org.testng.internal.TestMethodWorker.run(TestMethodWorker.java:128)
at java.util.ArrayList.forEach(ArrayList.java:1259)
at org.testng.TestRunner.privateRun(TestRunner.java:764)
at org.testng.TestRunner.run(TestRunner.java:585)
at org.testng.SuiteRunner.runTest(SuiteRunner.java:384)
at org.testng.SuiteRunner.access$000(SuiteRunner.java:28)
at org.testng.SuiteRunner$SuiteWorker.run(SuiteRunner.java:425)
at org.testng.internal.thread.ThreadUtil.lambda$execute$0(ThreadUtil.java:66)
at java.util.concurrent.FutureTask.run(FutureTask.java:266)
at java.util.concurrent.ThreadPoolExecutor.runWorker(ThreadPoolExecutor.java:1149)
at java.util.concurrent.ThreadPoolExecutor$Worker.run(ThreadPoolExecutor.java:624)
at java.lang.Thread.run(Thread.java:748)
]]>
            </full-stacktrace>
          </exception> <!-- org.openqa.selenium.UnhandledAlertException -->
          <reporter-output>
          </reporter-output>
        </test-method> <!-- messageValidate -->
      </class> <!-- com.guru99.demo.tests.AddCustomerPageTest -->
    </test> <!-- FirefoxTest -->
  </suite> <!-- Suite -->
</testng-results>
